  4.9.Our_House_V_0.5_main.cpp
c:\users\rnldu\onedrive\바탕 화면\그래픽스\프젝2\4.9.our_house_v_0.5\4.9.our_house_v_0.5\4.9.our_house_v_0.5\object_definitions.h(49): warning C4996: 'fopen': This function or variable may be unsafe. Consider using fopen_s instead. To disable deprecation, use _CRT_SECURE_NO_WARNINGS. See online help for details.
  c:\program files (x86)\windows kits\10\include\10.0.16299.0\ucrt\stdio.h(207): note: 'fopen' 선언을 참조하십시오.
c:\users\rnldu\onedrive\바탕 화면\그래픽스\프젝2\4.9.our_house_v_0.5\4.9.our_house_v_0.5\4.9.our_house_v_0.5\object_definitions.h(73): warning C4101: 'filename' :참조되지 않은 지역 변수입니다.
c:\users\rnldu\onedrive\바탕 화면\그래픽스\프젝2\4.9.our_house_v_0.5\4.9.our_house_v_0.5\4.9.our_house_v_0.5\object_definitions.h(72): warning C4101: 'i' :참조되지 않은 지역 변수입니다.
c:\users\rnldu\onedrive\바탕 화면\그래픽스\프젝2\4.9.our_house_v_0.5\4.9.our_house_v_0.5\4.9.our_house_v_0.5\object_definitions.h(103): warning C4996: 'strcpy': This function or variable may be unsafe. Consider using strcpy_s instead. To disable deprecation, use _CRT_SECURE_NO_WARNINGS. See online help for details.
  c:\program files (x86)\windows kits\10\include\10.0.16299.0\ucrt\string.h(132): note: 'strcpy' 선언을 참조하십시오.
c:\users\rnldu\onedrive\바탕 화면\그래픽스\프젝2\4.9.our_house_v_0.5\4.9.our_house_v_0.5\4.9.our_house_v_0.5\object_definitions.h(120): warning C4996: 'strcpy': This function or variable may be unsafe. Consider using strcpy_s instead. To disable deprecation, use _CRT_SECURE_NO_WARNINGS. See online help for details.
  c:\program files (x86)\windows kits\10\include\10.0.16299.0\ucrt\string.h(132): note: 'strcpy' 선언을 참조하십시오.
c:\users\rnldu\onedrive\바탕 화면\그래픽스\프젝2\4.9.our_house_v_0.5\4.9.our_house_v_0.5\4.9.our_house_v_0.5\object_definitions.h(159): warning C4996: 'strcpy': This function or variable may be unsafe. Consider using strcpy_s instead. To disable deprecation, use _CRT_SECURE_NO_WARNINGS. See online help for details.
  c:\program files (x86)\windows kits\10\include\10.0.16299.0\ucrt\string.h(132): note: 'strcpy' 선언을 참조하십시오.
c:\users\rnldu\onedrive\바탕 화면\그래픽스\프젝2\4.9.our_house_v_0.5\4.9.our_house_v_0.5\4.9.our_house_v_0.5\object_definitions.h(218): warning C4996: 'strcpy': This function or variable may be unsafe. Consider using strcpy_s instead. To disable deprecation, use _CRT_SECURE_NO_WARNINGS. See online help for details.
  c:\program files (x86)\windows kits\10\include\10.0.16299.0\ucrt\string.h(132): note: 'strcpy' 선언을 참조하십시오.
c:\users\rnldu\onedrive\바탕 화면\그래픽스\프젝2\4.9.our_house_v_0.5\4.9.our_house_v_0.5\4.9.our_house_v_0.5\object_definitions.h(234): warning C4305: '=': 'double'에서 'GLfloat'(으)로 잘립니다.
c:\users\rnldu\onedrive\바탕 화면\그래픽스\프젝2\4.9.our_house_v_0.5\4.9.our_house_v_0.5\4.9.our_house_v_0.5\object_definitions.h(245): warning C4305: '=': 'double'에서 'GLfloat'(으)로 잘립니다.
c:\users\rnldu\onedrive\바탕 화면\그래픽스\프젝2\4.9.our_house_v_0.5\4.9.our_house_v_0.5\4.9.our_house_v_0.5\object_definitions.h(248): warning C4996: 'strcpy': This function or variable may be unsafe. Consider using strcpy_s instead. To disable deprecation, use _CRT_SECURE_NO_WARNINGS. See online help for details.
  c:\program files (x86)\windows kits\10\include\10.0.16299.0\ucrt\string.h(132): note: 'strcpy' 선언을 참조하십시오.
c:\users\rnldu\onedrive\바탕 화면\그래픽스\프젝2\4.9.our_house_v_0.5\4.9.our_house_v_0.5\4.9.our_house_v_0.5\object_definitions.h(282): warning C4996: 'strcpy': This function or variable may be unsafe. Consider using strcpy_s instead. To disable deprecation, use _CRT_SECURE_NO_WARNINGS. See online help for details.
  c:\program files (x86)\windows kits\10\include\10.0.16299.0\ucrt\string.h(132): note: 'strcpy' 선언을 참조하십시오.
c:\users\rnldu\onedrive\바탕 화면\그래픽스\프젝2\4.9.our_house_v_0.5\4.9.our_house_v_0.5\4.9.our_house_v_0.5\object_definitions.h(304): warning C4996: 'strcpy': This function or variable may be unsafe. Consider using strcpy_s instead. To disable deprecation, use _CRT_SECURE_NO_WARNINGS. See online help for details.
  c:\program files (x86)\windows kits\10\include\10.0.16299.0\ucrt\string.h(132): note: 'strcpy' 선언을 참조하십시오.
c:\users\rnldu\onedrive\바탕 화면\그래픽스\프젝2\4.9.our_house_v_0.5\4.9.our_house_v_0.5\4.9.our_house_v_0.5\object_definitions.h(325): warning C4996: 'strcpy': This function or variable may be unsafe. Consider using strcpy_s instead. To disable deprecation, use _CRT_SECURE_NO_WARNINGS. See online help for details.
  c:\program files (x86)\windows kits\10\include\10.0.16299.0\ucrt\string.h(132): note: 'strcpy' 선언을 참조하십시오.
c:\users\rnldu\onedrive\바탕 화면\그래픽스\프젝2\4.9.our_house_v_0.5\4.9.our_house_v_0.5\4.9.our_house_v_0.5\object_definitions.h(418): warning C4244: '초기화 중': 'double'에서 'float'(으)로 변환하면서 데이터가 손실될 수 있습니다.
c:\users\rnldu\onedrive\바탕 화면\그래픽스\프젝2\4.9.our_house_v_0.5\4.9.our_house_v_0.5\4.9.our_house_v_0.5\object_definitions.h(593): warning C4996: 'sprintf': This function or variable may be unsafe. Consider using sprintf_s instead. To disable deprecation, use _CRT_SECURE_NO_WARNINGS. See online help for details.
  c:\program files (x86)\windows kits\10\include\10.0.16299.0\ucrt\stdio.h(1772): note: 'sprintf' 선언을 참조하십시오.
c:\users\rnldu\onedrive\바탕 화면\그래픽스\프젝2\4.9.our_house_v_0.5\4.9.our_house_v_0.5\4.9.our_house_v_0.5\4.9.our_house_v_0.5_main.cpp(356): warning C4326: 'main'의 반환 형식이 'int'이어야 하는데 'void'입니다.
c:\users\rnldu\onedrive\바탕 화면\그래픽스\프젝2\4.9.our_house_v_0.5\4.9.our_house_v_0.5\4.9.our_house_v_0.5\4.9.our_house_v_0.5_main.cpp(781): warning C4996: 'fopen': This function or variable may be unsafe. Consider using fopen_s instead. To disable deprecation, use _CRT_SECURE_NO_WARNINGS. See online help for details.
  c:\program files (x86)\windows kits\10\include\10.0.16299.0\ucrt\stdio.h(207): note: 'fopen' 선언을 참조하십시오.
c:\users\rnldu\onedrive\바탕 화면\그래픽스\프젝2\4.9.our_house_v_0.5\4.9.our_house_v_0.5\4.9.our_house_v_0.5\4.9.our_house_v_0.5_main.cpp(787): warning C4996: 'fscanf': This function or variable may be unsafe. Consider using fscanf_s instead. To disable deprecation, use _CRT_SECURE_NO_WARNINGS. See online help for details.
  c:\program files (x86)\windows kits\10\include\10.0.16299.0\ucrt\stdio.h(1195): note: 'fscanf' 선언을 참조하십시오.
c:\users\rnldu\onedrive\바탕 화면\그래픽스\프젝2\4.9.our_house_v_0.5\4.9.our_house_v_0.5\4.9.our_house_v_0.5\4.9.our_house_v_0.5_main.cpp(796): warning C4996: 'fscanf': This function or variable may be unsafe. Consider using fscanf_s instead. To disable deprecation, use _CRT_SECURE_NO_WARNINGS. See online help for details.
  c:\program files (x86)\windows kits\10\include\10.0.16299.0\ucrt\stdio.h(1195): note: 'fscanf' 선언을 참조하십시오.
c:\users\rnldu\onedrive\바탕 화면\그래픽스\프젝2\4.9.our_house_v_0.5\4.9.our_house_v_0.5\4.9.our_house_v_0.5\4.9.our_house_v_0.5_main.cpp(873): warning C4244: '=': 'int'에서 'float'(으)로 변환하면서 데이터가 손실될 수 있습니다.
  LoadShaders.cpp
c:\users\rnldu\onedrive\바탕 화면\그래픽스\프젝2\4.9.our_house_v_0.5\4.9.our_house_v_0.5\4.9.our_house_v_0.5\shaders\loadshaders.cpp(11): warning C4996: 'fopen': This function or variable may be unsafe. Consider using fopen_s instead. To disable deprecation, use _CRT_SECURE_NO_WARNINGS. See online help for details.
  c:\program files (x86)\windows kits\10\include\10.0.16299.0\ucrt\stdio.h(207): note: 'fopen' 선언을 참조하십시오.
  코드를 생성하고 있습니다.
  All 120 functions were compiled because no usable IPDB/IOBJ from previous compilation was found.
  코드를 생성했습니다.
  4.9.Our_House_V_0.5.vcxproj -> C:\Users\rnldu\OneDrive\바탕 화면\그래픽스\프젝2\4.9.Our_House_V_0.5\4.9.Our_House_V_0.5\x64\Release\4.9.Our_House_V_0.5.exe
